<html>
<body>
<pre>
<h1>Vision Build Log</h1>
<h2>Tool Versions:</h2>
IDE-Version: μVision V5.21.1.0
Copyright (C) 2016 ARM Ltd and ARM Germany GmbH. All rights reserved.
License Information: 1 A, 1, LIC=LJWFW-QJ03Q-BVR1G-VQ13X-67JGM-8ER9X
 
Tool Versions:
Toolchain:       MDK-ARM Professional  Version: 5.21a
Toolchain Path:  C:\Keil_v5\ARM\ARMCC\Bin
C Compiler:      Armcc.exe V5.06 update 3 (build 300)
Assembler:       Armasm.exe V5.06 update 3 (build 300)
Linker/Locator:  ArmLink.exe V5.06 update 3 (build 300)
Library Manager: ArmAr.exe V5.06 update 3 (build 300)
Hex Converter:   FromElf.exe V5.06 update 3 (build 300)
CPU DLL:         SARMCM3.DLL V5.21a
Dialog DLL:      DCM.DLL V1.13.8.0
Target DLL:      STLink\ST-LINKIII-KEIL_SWO.dll V2.0.18.0
Dialog DLL:      TCM.DLL V1.14.14.0
 
<h2>Project:</h2>
E:\Dynamic data\教学工作\2023本科嵌入式系统\DEMO-EXTI-systick等2\DEMO-EXTI-systick等\Project\EID-V2-all\RVMDK\EID-V2 - 副本.uvprojx
Project File Date:  12/05/2023

<h2>Output:</h2>
*** Using Compiler 'V5.06 update 3 (build 300)', folder: 'C:\Keil_v5\ARM\ARMCC\Bin'
Build target 'STM3210B-EVAL'
compiling Timer.c...
..\src\Timer.c(9): error:  #268: declaration may not appear after executable statement in block
  	TIM_TimeBaseInitTypeDef TIM_TimeBaseInitStructure;
..\src\Timer.c(10): error:  #268: declaration may not appear after executable statement in block
  	NVIC_InitTypeDef NVIC_InitStructure;
..\src\Timer.c: 0 warnings, 2 errors
".\Obj\STM3210B-EVAL.axf" - 2 Error(s), 0 Warning(s).

<h2>Collection of Component include folders:</h2>
  E:\Dynamic data\教学工作\2023本科嵌入式系统\DEMO-EXTI-systick等2\DEMO-EXTI-systick等\Project\EID-V2-all\RVMDK\RTE
  C:\Keil_v5\ARM\PACK\Keil\STM32F1xx_DFP\2.1.0\Device\Include

<h2>Collection of Component Files used:</h2>
Target not created.
Build Time Elapsed:  00:00:00
</pre>
</body>
</html>
