<html>
<body>
<pre>
<h1>Vision Build Log</h1>
<h2>Tool Versions:</h2>
IDE-Version: μVision V5.21.1.0
Copyright (C) 2016 ARM Ltd and ARM Germany GmbH. All rights reserved.
License Information: 123 chen, abc, LIC=7YKYW-QE0BQ-RFDIZ-JQY6D-D2AWM-8BL90
 
Tool Versions:
Toolchain:       MDK-ARM Professional  Version: 5.21a
Toolchain Path:  D:\MDK\ARM\ARMCC\Bin
C Compiler:      Armcc.exe V5.06 update 3 (build 300)
Assembler:       Armasm.exe V5.06 update 3 (build 300)
Linker/Locator:  ArmLink.exe V5.06 update 3 (build 300)
Library Manager: ArmAr.exe V5.06 update 3 (build 300)
Hex Converter:   FromElf.exe V5.06 update 3 (build 300)
CPU DLL:         SARMCM3.DLL V5.21a
Dialog DLL:      DCM.DLL V1.13.8.0
Target DLL:      UL2CM3.DLL V1.158.5.0
Dialog DLL:      TCM.DLL V1.14.14.0
 
<h2>Project:</h2>
D:\DEMO-EXTI-systick等\Project\RVMDK\EID-V2.uvprojx
Project File Date:  11/30/2025

<h2>Output:</h2>
*** Using Compiler 'V5.06 update 3 (build 300)', folder: 'D:\MDK\ARM\ARMCC\Bin'
Build target 'STM3210B-EVAL'
compiling Timer.c...
..\src\Timer.c(106): error:  #268: declaration may not appear after executable statement in block
      NVIC_InitTypeDef NVIC_InitStructure;
..\src\Timer.c(160): error:  #268: declaration may not appear after executable statement in block
      GPIO_InitTypeDef GPIO_InitStructure;
..\src\Timer.c(161): error:  #268: declaration may not appear after executable statement in block
      TIM_TimeBaseInitTypeDef TIM_TimeBaseStructure;
..\src\Timer.c(162): error:  #268: declaration may not appear after executable statement in block
      TIM_OCInitTypeDef TIM_OCInitStructure;
..\src\Timer.c: 0 warnings, 4 errors
compiling main.c...
..\src\LED.h(9): warning:  #1295-D: Deprecated declaration Refresh_Display - give arg types
  void Refresh_Display();
..\src\LED.h(10): warning:  #1-D: last line of file ends without a newline
  #endif
..\src\key.h(12): warning:  #1-D: last line of file ends without a newline
  #endif
..\src\main.c(70): error:  #268: declaration may not appear after executable statement in block
   int key_value = 0;
..\src\main.c(81): warning:  #223-D: function "systick_init" declared implicitly
  	systick_init();	
..\src\main.c(118): warning:  #223-D: function "delay_ms" declared implicitly
      delay_ms(10);
..\src\main.c(121): warning:  #111-D: statement is unreachable
    return 1;
..\src\main.c: 6 warnings, 1 error
compiling dma.c...
..\src\dma.c(71): error:  #268: declaration may not appear after executable statement in block
  	DMA_InitTypeDef DMA_InitStructure;                      // ??始化?峁???
..\src\dma.c: 0 warnings, 1 error
compiling systick.c...
..\src\systick.c(36): warning:  #1-D: last line of file ends without a newline
  }
..\src\systick.c: 1 warning, 0 errors
compiling EXTI.c...
..\inc\DigitalTube.h(17): warning:  #1-D: last line of file ends without a newline
  /******END OF FILE****/
..\inc\EXTI.h(17): warning:  #1-D: last line of file ends without a newline
  /******END OF FILE****/
..\src\EXTI.c: 2 warnings, 0 errors
compiling IIC-lib.c...
..\src\IIC-lib.c(126): warning:  #1-D: last line of file ends without a newline
  }
..\src\IIC-lib.c: 1 warning, 0 errors
compiling UART.c...
..\src\UART.c(144): warning:  #1-D: last line of file ends without a newline
  }
..\src\UART.c: 1 warning, 0 errors
compiling SPI.c...
compiling key.c...
..\src\key.h(12): warning:  #1-D: last line of file ends without a newline
  #endif
..\src\key.c(193): warning:  #223-D: function "delay_ms" declared implicitly
          delay_ms(100); // 去抖动
..\src\key.c(229): warning:  #223-D: function "delay_ms" declared implicitly
              delay_ms(2000);
..\src\key.c(232): warning:  #1-D: last line of file ends without a newline
  }
..\src\key.c: 4 warnings, 0 errors
compiling LED.c...
LED.h(9): warning:  #1295-D: Deprecated declaration Refresh_Display - give arg types
  void Refresh_Display();
LED.h(10): warning:  #1-D: last line of file ends without a newline
  #endif
LED.c(52): error:  #29: expected an expression
      for (int i = 0; i < 3; i++)
LED.c(52): error:  #20: identifier "i" is undefined
      for (int i = 0; i < 3; i++)
LED.c(62): error:  #29: expected an expression
      for (int i = 3; i >= 0; i--)
LED.c(62): error:  #20: identifier "i" is undefined
      for (int i = 3; i >= 0; i--)
LED.c(90): warning:  #223-D: function "delay_ms" declared implicitly
          delay_ms(5); // ????,??????
LED.c(97): error:  #29: expected an expression
      for (int i = 0; i < 4; i++)
LED.c(97): error:  #20: identifier "i" is undefined
      for (int i = 0; i < 4; i++)
LED.c(105): warning:  #1-D: last line of file ends without a newline
  }
LED.c: 4 warnings, 6 errors
compiling stm32f10x_it.c...
compiling stm32f10x_tim.c...
compiling misc.c...
compiling stm32f10x_gpio.c...
compiling stm32f10x_rcc.c...
compiling stm32f10x_adc.c...
compiling stm32f10x_bkp.c...
compiling stm32f10x_can.c...
compiling stm32f10x_dac.c...
compiling stm32f10x_i2c.c...
compiling stm32f10x_usart.c...
compiling stm32f10x_spi.c...
compiling stm32f10x_fsmc.c...
compiling stm32f10x_exti.c...
compiling stm32f10x_rtc.c...
compiling stm32f10x_dma.c...
compiling stm32f10x_pwr.c...
compiling stm32f10x_crc.c...
compiling stm32f10x_dbgmcu.c...
compiling stm32f10x_flash.c...
compiling stm32f10x_iwdg.c...
compiling stm32f10x_sdio.c...
compiling stm32f10x_wwdg.c...
compiling system_stm32f10x.c...
".\Obj\STM3210B-EVAL.axf" - 12 Error(s), 19 Warning(s).

<h2>Collection of Component include folders:</h2>
  D:\DEMO-EXTI-systick等\Project\RVMDK\RTE
  D:\MDK\ARM\PACK\Keil\STM32F1xx_DFP\2.1.0\Device\Include

<h2>Collection of Component Files used:</h2>
Target not created.
Build Time Elapsed:  00:00:04
</pre>
</body>
</html>
